<?xml version="1.0" encoding="UTF-8" ?>
<testsuite errors="0" failures="0" hostname="Martin-PC-samsu" name="rocfox.rdf2xml.transformation.parsers.TemplateParserTest" skipped="0" tests="2" time="0.164" timestamp="2015-02-04T10:57:47">
  <properties>
[...]
</properties>
  <testcase classname="rocfox.rdf2xml.transformation.parsers.TemplateParserTest" name="parse" time="0.052" />
  <testcase classname="rocfox.rdf2xml.transformation.parsers.TemplateParserTest" name="isElement" time="0.0020" />
  <system-out><![CDATA[]]></system-out>
  <system-err><![CDATA[]]></system-err>
</testsuite>
